::1 - - [16/Jul/2017:10:37:06 +0000] "GET / HTTP/1.1" 200 -
::1 - - [16/Jul/2017:10:37:06 +0000] "GET /static/css/devicons.min.css HTTP/1.1" 200 -
::1 - - [16/Jul/2017:10:37:06 +0000] "GET /static/css/main-style.css HTTP/1.1" 200 -
::1 - - [16/Jul/2017:10:37:07 +0000] "GET /static/img/ecommerce_s.svg HTTP/1.1" 200 909
::1 - - [16/Jul/2017:10:37:07 +0000] "GET /static/javascripts/min/common.js HTTP/1.1" 200 9
::1 - - [16/Jul/2017:10:37:07 +0000] "GET /static/fonts/devicons.woff?xqxft6 HTTP/1.1" 200 125560
::1 - - [16/Jul/2017:10:37:07 +0000] "GET /static/img/enterprise_s.svg HTTP/1.1" 200 614
::1 - - [16/Jul/2017:10:37:07 +0000] "GET /static/img/android_s.svg HTTP/1.1" 200 -
::1 - - [16/Jul/2017:10:37:07 +0000] "GET /static/img/bg-cta.jpg HTTP/1.1" 404 -
::1 - - [16/Jul/2017:10:37:07 +0000] "GET /static/img/computer2.jpg HTTP/1.1" 200 47118
::1 - - [16/Jul/2017:10:37:07 +0000] "GET /favicon.ico HTTP/1.1" 200 -
::1 - - [16/Jul/2017:10:37:13 +0000] "GET /login?redirect=/admin HTTP/1.1" 200 -
::1 - - [16/Jul/2017:10:37:13 +0000] "GET /static/javascripts/min/login.js HTTP/1.1" 200 9
::1 - - [16/Jul/2017:10:37:13 +0000] "GET /static/css/login.css HTTP/1.1" 200 -
::1 - - [16/Jul/2017:10:51:01 +0000] "GET / HTTP/1.1" 304 -
::1 - - [16/Jul/2017:10:51:01 +0000] "GET /static/img/bg-cta.jpg HTTP/1.1" 404 -
::1 - - [16/Jul/2017:10:51:04 +0000] "GET /admin HTTP/1.1" 302 88
::1 - - [16/Jul/2017:10:51:04 +0000] "GET /login?redirect=/admin HTTP/1.1" 304 -
::1 - - [16/Jul/2017:10:51:06 +0000] "GET /login?login=admin&password=pass HTTP/1.1" 200 -
::1 - - [16/Jul/2017:10:51:09 +0000] "GET /login?login=admin&password=pass HTTP/1.1" 304 -
::1 - - [16/Jul/2017:10:52:42 +0000] "GET /login?login=admin&password=pass HTTP/1.1" 304 -
::1 - - [16/Jul/2017:10:52:42 +0000] "GET /favicon.ico HTTP/1.1" 200 -
::1 - - [16/Jul/2017:10:52:43 +0000] "GET /login?login=admin&password=pass HTTP/1.1" 304 -
::1 - - [16/Jul/2017:10:52:56 +0000] "GET /login?login=admin&password=pass HTTP/1.1" 304 -
::1 - - [16/Jul/2017:10:53:09 +0000] "GET /admin HTTP/1.1" 302 88
::1 - - [16/Jul/2017:10:53:09 +0000] "GET /login?redirect=/admin HTTP/1.1" 304 -
::1 - - [16/Jul/2017:10:53:16 +0000] "GET /login?login=admin&password=pass HTTP/1.1" 304 -
::1 - - [16/Jul/2017:10:53:24 +0000] "GET /login?login=admin&password=pass HTTP/1.1" 304 -
::1 - - [16/Jul/2017:10:53:28 +0000] "GET /login?login=admin&password=pass HTTP/1.1" 304 -
::1 - - [16/Jul/2017:10:53:31 +0000] "GET /login?login=admin&password=pass HTTP/1.1" 304 -
::1 - - [16/Jul/2017:10:53:32 +0000] "GET /login?login=admin&password=pass HTTP/1.1" 304 -
::1 - - [16/Jul/2017:10:53:33 +0000] "GET /login?login=admin&password=pass HTTP/1.1" 304 -
::1 - - [16/Jul/2017:10:53:34 +0000] "GET /login?login=admin&password=pass HTTP/1.1" 304 -
::1 - - [16/Jul/2017:10:53:35 +0000] "GET /login?login=admin&password=pass HTTP/1.1" 304 -
::1 - - [16/Jul/2017:10:53:36 +0000] "GET /login?login=admin&password=pass HTTP/1.1" 304 -
::1 - - [16/Jul/2017:10:53:36 +0000] "GET /login?login=admin&password=pass HTTP/1.1" 304 -
::1 - - [16/Jul/2017:10:53:37 +0000] "GET /login?login=admin&password=pass HTTP/1.1" 304 -
::1 - - [16/Jul/2017:10:53:38 +0000] "GET /login?login=admin&password=pass HTTP/1.1" 304 -
::1 - - [16/Jul/2017:10:53:39 +0000] "GET /login?login=admin&password=pass HTTP/1.1" 304 -
::1 - - [16/Jul/2017:10:53:40 +0000] "GET /login?login=admin&password=pass HTTP/1.1" 304 -
